#-----------------------------------------------------------
# Vivado v2019.1 (64-bit)
# SW Build 2552052 on Fri May 24 14:49:42 MDT 2019
# IP Build 2548770 on Fri May 24 18:01:18 MDT 2019
# Start of session at: Tue Dec  1 16:34:51 2020
# Process ID: 4024
# Current directory: C:/Users/lenovo/Desktop/hhl2/rom
# Command line: vivado.exe -gui_launcher_event rodinguilauncherevent4036 C:\Users\lenovo\Desktop\hhl2\rom\rom.xpr
# Log file: C:/Users/lenovo/Desktop/hhl2/rom/vivado.log
# Journal file: C:/Users/lenovo/Desktop/hhl2/rom\vivado.jou
#-----------------------------------------------------------
start_gui
open_project C:/Users/lenovo/Desktop/hhl2/rom/rom.xpr
Scanning sources...
Finished scanning sources
INFO: [IP_Flow 19-234] Refreshing IP repositories
INFO: [IP_Flow 19-1704] No user IP repositories specified
INFO: [IP_Flow 19-2313] Loaded Vivado IP repository 'E:/Xilinx2019/Vivado/2019.1/data/ip'.
update_compile_order -fileset sources_1
exit
INFO: [Common 17-206] Exiting Vivado at Tue Dec  1 16:36:22 2020...
