#-----------------------------------------------------------
# Vivado v2019.1 (64-bit)
# SW Build 2552052 on Fri May 24 14:49:42 MDT 2019
# IP Build 2548770 on Fri May 24 18:01:18 MDT 2019
# Start of session at: Tue Dec  8 15:51:38 2020
# Process ID: 1944
# Current directory: C:/Users/lenovo/Desktop/simplecpu32/Reggroup32
# Command line: vivado.exe -gui_launcher_event rodinguilauncherevent1936 C:\Users\lenovo\Desktop\simplecpu32\Reggroup32\Reggroup32.xpr
# Log file: C:/Users/lenovo/Desktop/simplecpu32/Reggroup32/vivado.log
# Journal file: C:/Users/lenovo/Desktop/simplecpu32/Reggroup32\vivado.jou
#-----------------------------------------------------------
start_gui
open_project C:/Users/lenovo/Desktop/simplecpu32/Reggroup32/Reggroup32.xpr
INFO: [Project 1-313] Project file moved from 'F:/新建文件夹/Reggroup32' since last save.
Scanning sources...
Finished scanning sources
INFO: [IP_Flow 19-234] Refreshing IP repositories
INFO: [IP_Flow 19-1704] No user IP repositories specified
INFO: [IP_Flow 19-2313] Loaded Vivado IP repository 'E:/Xilinx2019/Vivado/2019.1/data/ip'.
update_compile_order -fileset sources_1
launch_simulation
INFO: [Vivado 12-5682] Launching behavioral simulation in 'C:/Users/lenovo/Desktop/simplecpu32/Reggroup32/Reggroup32.sim/sim_1/behav/xsim'
INFO: [SIM-utils-51] Simulation object is 'sim_1'
INFO: [SIM-utils-54] Inspecting design source files for 'reggroup32_tb' in fileset 'sim_1'...
INFO: [USF-XSim-97] Finding global include files...
INFO: [USF-XSim-98] Fetching design files from 'sim_1'...
INFO: [USF-XSim-2] XSim::Compile design
INFO: [USF-XSim-61] Executing 'COMPILE and ANALYZE' step in 'C:/Users/lenovo/Desktop/simplecpu32/Reggroup32/Reggroup32.sim/sim_1/behav/xsim'
"xvlog --incr --relax -prj reggroup32_tb_vlog.prj"
INFO: [VRFC 10-2263] Analyzing Verilog file "C:/Users/lenovo/Desktop/simplecpu32/Reggroup32/Reggroup32.srcs/sources_1/new/reggroup32.v" into library xil_defaultlib
INFO: [VRFC 10-311] analyzing module reggroup32
INFO: [VRFC 10-2263] Analyzing Verilog file "C:/Users/lenovo/Desktop/simplecpu32/Reggroup32/Reggroup32.srcs/sim_1/new/reggroup32_tb.v" into library xil_defaultlib
INFO: [VRFC 10-311] analyzing module reggroup32_tb
INFO: [VRFC 10-2263] Analyzing Verilog file "C:/Users/lenovo/Desktop/simplecpu32/Reggroup32/Reggroup32.sim/sim_1/behav/xsim/glbl.v" into library xil_defaultlib
INFO: [VRFC 10-311] analyzing module glbl
INFO: [USF-XSim-69] 'compile' step finished in '2' seconds
INFO: [USF-XSim-3] XSim::Elaborate design
INFO: [USF-XSim-61] Executing 'ELABORATE' step in 'C:/Users/lenovo/Desktop/simplecpu32/Reggroup32/Reggroup32.sim/sim_1/behav/xsim'
"xelab -wto b8e896dbe727493d80599663c217e8ac --incr --debug typical --relax --mt 2 -L xil_defaultlib -L unisims_ver -L unimacro_ver -L secureip --snapshot reggroup32_tb_behav xil_defaultlib.reggroup32_tb xil_defaultlib.glbl -log elaborate.log"
Vivado Simulator 2019.1
Copyright 1986-1999, 2001-2019 Xilinx, Inc. All Rights Reserved.
Running: E:/Xilinx2019/Vivado/2019.1/bin/unwrapped/win64.o/xelab.exe -wto b8e896dbe727493d80599663c217e8ac --incr --debug typical --relax --mt 2 -L xil_defaultlib -L unisims_ver -L unimacro_ver -L secureip --snapshot reggroup32_tb_behav xil_defaultlib.reggroup32_tb xil_defaultlib.glbl -log elaborate.log 
Using 2 slave threads.
Starting static elaboration
Completed static elaboration
Starting simulation data flow analysis
Completed simulation data flow analysis
Time Resolution for simulation is 1ps
Compiling module xil_defaultlib.reggroup32
Compiling module xil_defaultlib.reggroup32_tb
Compiling module xil_defaultlib.glbl
Built simulation snapshot reggroup32_tb_behav

****** Webtalk v2019.1 (64-bit)
  **** SW Build 2552052 on Fri May 24 14:49:42 MDT 2019
  **** IP Build 2548770 on Fri May 24 18:01:18 MDT 2019
    ** Copyright 1986-2019 Xilinx, Inc. All Rights Reserved.

source C:/Users/lenovo/Desktop/simplecpu32/Reggroup32/Reggroup32.sim/sim_1/behav/xsim/xsim.dir/reggroup32_tb_behav/webtalk/xsim_webtalk.tcl -notrace
webtalk_transmit: Time (s): cpu = 00:00:00 ; elapsed = 00:00:11 . Memory (MB): peak = 112.414 ; gain = 18.828
INFO: [Common 17-206] Exiting Webtalk at Tue Dec  8 15:57:04 2020...
run_program: Time (s): cpu = 00:00:01 ; elapsed = 00:00:15 . Memory (MB): peak = 810.809 ; gain = 0.000
INFO: [USF-XSim-69] 'elaborate' step finished in '15' seconds
INFO: [USF-XSim-4] XSim::Simulate design
INFO: [USF-XSim-61] Executing 'SIMULATE' step in 'C:/Users/lenovo/Desktop/simplecpu32/Reggroup32/Reggroup32.sim/sim_1/behav/xsim'
INFO: [USF-XSim-98] *** Running xsim
   with args "reggroup32_tb_behav -key {Behavioral:sim_1:Functional:reggroup32_tb} -tclbatch {reggroup32_tb.tcl} -log {simulate.log}"
INFO: [USF-XSim-8] Loading simulator feature
Vivado Simulator 2019.1
Time resolution is 1 ps
source reggroup32_tb.tcl
# set curr_wave [current_wave_config]
# if { [string length $curr_wave] == 0 } {
#   if { [llength [get_objects]] > 0} {
#     add_wave /
#     set_property needs_save false [current_wave_config]
#   } else {
#      send_msg_id Add_Wave-1 WARNING "No top level signals found. Simulator will start without a wave window. If you want to open a wave window go to 'File->New Waveform Configuration' or type 'create_wave_config' in the TCL console."
#   }
# }
# run 1000ns
INFO: [USF-XSim-96] XSim completed. Design snapshot 'reggroup32_tb_behav' loaded.
INFO: [USF-XSim-97] XSim simulation ran for 1000ns
launch_simulation: Time (s): cpu = 00:00:08 ; elapsed = 00:00:21 . Memory (MB): peak = 810.809 ; gain = 0.000
close_sim
INFO: [Simtcl 6-16] Simulation closed
close_sim: Time (s): cpu = 00:00:02 ; elapsed = 00:00:11 . Memory (MB): peak = 810.809 ; gain = 0.000
launch_simulation
INFO: [Vivado 12-5682] Launching behavioral simulation in 'C:/Users/lenovo/Desktop/simplecpu32/Reggroup32/Reggroup32.sim/sim_1/behav/xsim'
INFO: [SIM-utils-51] Simulation object is 'sim_1'
INFO: [SIM-utils-54] Inspecting design source files for 'reggroup32_tb' in fileset 'sim_1'...
INFO: [USF-XSim-97] Finding global include files...
INFO: [USF-XSim-98] Fetching design files from 'sim_1'...
INFO: [USF-XSim-2] XSim::Compile design
INFO: [USF-XSim-61] Executing 'COMPILE and ANALYZE' step in 'C:/Users/lenovo/Desktop/simplecpu32/Reggroup32/Reggroup32.sim/sim_1/behav/xsim'
"xvlog --incr --relax -prj reggroup32_tb_vlog.prj"
INFO: [VRFC 10-2263] Analyzing Verilog file "C:/Users/lenovo/Desktop/simplecpu32/Reggroup32/Reggroup32.srcs/sources_1/new/reggroup32.v" into library xil_defaultlib
INFO: [VRFC 10-311] analyzing module reggroup32
INFO: [VRFC 10-2263] Analyzing Verilog file "C:/Users/lenovo/Desktop/simplecpu32/Reggroup32/Reggroup32.srcs/sim_1/new/reggroup32_tb.v" into library xil_defaultlib
INFO: [VRFC 10-311] analyzing module reggroup32_tb
INFO: [USF-XSim-69] 'compile' step finished in '1' seconds
INFO: [USF-XSim-3] XSim::Elaborate design
INFO: [USF-XSim-61] Executing 'ELABORATE' step in 'C:/Users/lenovo/Desktop/simplecpu32/Reggroup32/Reggroup32.sim/sim_1/behav/xsim'
"xelab -wto b8e896dbe727493d80599663c217e8ac --incr --debug typical --relax --mt 2 -L xil_defaultlib -L unisims_ver -L unimacro_ver -L secureip --snapshot reggroup32_tb_behav xil_defaultlib.reggroup32_tb xil_defaultlib.glbl -log elaborate.log"
Vivado Simulator 2019.1
Copyright 1986-1999, 2001-2019 Xilinx, Inc. All Rights Reserved.
Running: E:/Xilinx2019/Vivado/2019.1/bin/unwrapped/win64.o/xelab.exe -wto b8e896dbe727493d80599663c217e8ac --incr --debug typical --relax --mt 2 -L xil_defaultlib -L unisims_ver -L unimacro_ver -L secureip --snapshot reggroup32_tb_behav xil_defaultlib.reggroup32_tb xil_defaultlib.glbl -log elaborate.log 
Using 2 slave threads.
Starting static elaboration
Completed static elaboration
Starting simulation data flow analysis
Completed simulation data flow analysis
Time Resolution for simulation is 1ps
Compiling module xil_defaultlib.reggroup32
Compiling module xil_defaultlib.reggroup32_tb
Compiling module xil_defaultlib.glbl
Built simulation snapshot reggroup32_tb_behav
INFO: [USF-XSim-69] 'elaborate' step finished in '1' seconds
INFO: [USF-XSim-4] XSim::Simulate design
INFO: [USF-XSim-61] Executing 'SIMULATE' step in 'C:/Users/lenovo/Desktop/simplecpu32/Reggroup32/Reggroup32.sim/sim_1/behav/xsim'
INFO: [USF-XSim-98] *** Running xsim
   with args "reggroup32_tb_behav -key {Behavioral:sim_1:Functional:reggroup32_tb} -tclbatch {reggroup32_tb.tcl} -log {simulate.log}"
INFO: [USF-XSim-8] Loading simulator feature
Vivado Simulator 2019.1
Time resolution is 1 ps
source reggroup32_tb.tcl
# set curr_wave [current_wave_config]
# if { [string length $curr_wave] == 0 } {
#   if { [llength [get_objects]] > 0} {
#     add_wave /
#     set_property needs_save false [current_wave_config]
#   } else {
#      send_msg_id Add_Wave-1 WARNING "No top level signals found. Simulator will start without a wave window. If you want to open a wave window go to 'File->New Waveform Configuration' or type 'create_wave_config' in the TCL console."
#   }
# }
# run 1000ns
INFO: [USF-XSim-96] XSim completed. Design snapshot 'reggroup32_tb_behav' loaded.
INFO: [USF-XSim-97] XSim simulation ran for 1000ns
close_sim
INFO: [Simtcl 6-16] Simulation closed
launch_simulation
INFO: [Vivado 12-5682] Launching behavioral simulation in 'C:/Users/lenovo/Desktop/simplecpu32/Reggroup32/Reggroup32.sim/sim_1/behav/xsim'
INFO: [SIM-utils-51] Simulation object is 'sim_1'
INFO: [SIM-utils-54] Inspecting design source files for 'reggroup32_tb' in fileset 'sim_1'...
INFO: [USF-XSim-97] Finding global include files...
INFO: [USF-XSim-98] Fetching design files from 'sim_1'...
INFO: [USF-XSim-2] XSim::Compile design
INFO: [USF-XSim-61] Executing 'COMPILE and ANALYZE' step in 'C:/Users/lenovo/Desktop/simplecpu32/Reggroup32/Reggroup32.sim/sim_1/behav/xsim'
"xvlog --incr --relax -prj reggroup32_tb_vlog.prj"
INFO: [VRFC 10-2263] Analyzing Verilog file "C:/Users/lenovo/Desktop/simplecpu32/Reggroup32/Reggroup32.srcs/sources_1/new/reggroup32.v" into library xil_defaultlib
INFO: [VRFC 10-311] analyzing module reggroup32
INFO: [VRFC 10-2263] Analyzing Verilog file "C:/Users/lenovo/Desktop/simplecpu32/Reggroup32/Reggroup32.srcs/sim_1/new/reggroup32_tb.v" into library xil_defaultlib
INFO: [VRFC 10-311] analyzing module reggroup32_tb
INFO: [USF-XSim-69] 'compile' step finished in '1' seconds
INFO: [USF-XSim-3] XSim::Elaborate design
INFO: [USF-XSim-61] Executing 'ELABORATE' step in 'C:/Users/lenovo/Desktop/simplecpu32/Reggroup32/Reggroup32.sim/sim_1/behav/xsim'
"xelab -wto b8e896dbe727493d80599663c217e8ac --incr --debug typical --relax --mt 2 -L xil_defaultlib -L unisims_ver -L unimacro_ver -L secureip --snapshot reggroup32_tb_behav xil_defaultlib.reggroup32_tb xil_defaultlib.glbl -log elaborate.log"
Vivado Simulator 2019.1
Copyright 1986-1999, 2001-2019 Xilinx, Inc. All Rights Reserved.
Running: E:/Xilinx2019/Vivado/2019.1/bin/unwrapped/win64.o/xelab.exe -wto b8e896dbe727493d80599663c217e8ac --incr --debug typical --relax --mt 2 -L xil_defaultlib -L unisims_ver -L unimacro_ver -L secureip --snapshot reggroup32_tb_behav xil_defaultlib.reggroup32_tb xil_defaultlib.glbl -log elaborate.log 
Using 2 slave threads.
Starting static elaboration
Completed static elaboration
Starting simulation data flow analysis
Completed simulation data flow analysis
Time Resolution for simulation is 1ps
Compiling module xil_defaultlib.reggroup32
Compiling module xil_defaultlib.reggroup32_tb
Compiling module xil_defaultlib.glbl
Built simulation snapshot reggroup32_tb_behav
INFO: [USF-XSim-69] 'elaborate' step finished in '1' seconds
INFO: [USF-XSim-4] XSim::Simulate design
INFO: [USF-XSim-61] Executing 'SIMULATE' step in 'C:/Users/lenovo/Desktop/simplecpu32/Reggroup32/Reggroup32.sim/sim_1/behav/xsim'
INFO: [USF-XSim-98] *** Running xsim
   with args "reggroup32_tb_behav -key {Behavioral:sim_1:Functional:reggroup32_tb} -tclbatch {reggroup32_tb.tcl} -log {simulate.log}"
INFO: [USF-XSim-8] Loading simulator feature
Vivado Simulator 2019.1
Time resolution is 1 ps
source reggroup32_tb.tcl
# set curr_wave [current_wave_config]
# if { [string length $curr_wave] == 0 } {
#   if { [llength [get_objects]] > 0} {
#     add_wave /
#     set_property needs_save false [current_wave_config]
#   } else {
#      send_msg_id Add_Wave-1 WARNING "No top level signals found. Simulator will start without a wave window. If you want to open a wave window go to 'File->New Waveform Configuration' or type 'create_wave_config' in the TCL console."
#   }
# }
# run 1000ns
INFO: [USF-XSim-96] XSim completed. Design snapshot 'reggroup32_tb_behav' loaded.
INFO: [USF-XSim-97] XSim simulation ran for 1000ns
close_sim
INFO: [Simtcl 6-16] Simulation closed
launch_simulation
INFO: [Vivado 12-5682] Launching behavioral simulation in 'C:/Users/lenovo/Desktop/simplecpu32/Reggroup32/Reggroup32.sim/sim_1/behav/xsim'
INFO: [SIM-utils-51] Simulation object is 'sim_1'
INFO: [SIM-utils-54] Inspecting design source files for 'reggroup32_tb' in fileset 'sim_1'...
INFO: [USF-XSim-97] Finding global include files...
INFO: [USF-XSim-98] Fetching design files from 'sim_1'...
INFO: [USF-XSim-2] XSim::Compile design
INFO: [USF-XSim-61] Executing 'COMPILE and ANALYZE' step in 'C:/Users/lenovo/Desktop/simplecpu32/Reggroup32/Reggroup32.sim/sim_1/behav/xsim'
"xvlog --incr --relax -prj reggroup32_tb_vlog.prj"
INFO: [VRFC 10-2263] Analyzing Verilog file "C:/Users/lenovo/Desktop/simplecpu32/Reggroup32/Reggroup32.srcs/sources_1/new/reggroup32.v" into library xil_defaultlib
INFO: [VRFC 10-311] analyzing module reggroup32
INFO: [VRFC 10-2263] Analyzing Verilog file "C:/Users/lenovo/Desktop/simplecpu32/Reggroup32/Reggroup32.srcs/sim_1/new/reggroup32_tb.v" into library xil_defaultlib
INFO: [VRFC 10-311] analyzing module reggroup32_tb
INFO: [USF-XSim-69] 'compile' step finished in '1' seconds
INFO: [USF-XSim-3] XSim::Elaborate design
INFO: [USF-XSim-61] Executing 'ELABORATE' step in 'C:/Users/lenovo/Desktop/simplecpu32/Reggroup32/Reggroup32.sim/sim_1/behav/xsim'
"xelab -wto b8e896dbe727493d80599663c217e8ac --incr --debug typical --relax --mt 2 -L xil_defaultlib -L unisims_ver -L unimacro_ver -L secureip --snapshot reggroup32_tb_behav xil_defaultlib.reggroup32_tb xil_defaultlib.glbl -log elaborate.log"
Vivado Simulator 2019.1
Copyright 1986-1999, 2001-2019 Xilinx, Inc. All Rights Reserved.
Running: E:/Xilinx2019/Vivado/2019.1/bin/unwrapped/win64.o/xelab.exe -wto b8e896dbe727493d80599663c217e8ac --incr --debug typical --relax --mt 2 -L xil_defaultlib -L unisims_ver -L unimacro_ver -L secureip --snapshot reggroup32_tb_behav xil_defaultlib.reggroup32_tb xil_defaultlib.glbl -log elaborate.log 
Using 2 slave threads.
Starting static elaboration
Completed static elaboration
Starting simulation data flow analysis
Completed simulation data flow analysis
Time Resolution for simulation is 1ps
Compiling module xil_defaultlib.reggroup32
Compiling module xil_defaultlib.reggroup32_tb
Compiling module xil_defaultlib.glbl
Built simulation snapshot reggroup32_tb_behav
INFO: [USF-XSim-69] 'elaborate' step finished in '1' seconds
INFO: [USF-XSim-4] XSim::Simulate design
INFO: [USF-XSim-61] Executing 'SIMULATE' step in 'C:/Users/lenovo/Desktop/simplecpu32/Reggroup32/Reggroup32.sim/sim_1/behav/xsim'
INFO: [USF-XSim-98] *** Running xsim
   with args "reggroup32_tb_behav -key {Behavioral:sim_1:Functional:reggroup32_tb} -tclbatch {reggroup32_tb.tcl} -log {simulate.log}"
INFO: [USF-XSim-8] Loading simulator feature
Vivado Simulator 2019.1
Time resolution is 1 ps
source reggroup32_tb.tcl
# set curr_wave [current_wave_config]
# if { [string length $curr_wave] == 0 } {
#   if { [llength [get_objects]] > 0} {
#     add_wave /
#     set_property needs_save false [current_wave_config]
#   } else {
#      send_msg_id Add_Wave-1 WARNING "No top level signals found. Simulator will start without a wave window. If you want to open a wave window go to 'File->New Waveform Configuration' or type 'create_wave_config' in the TCL console."
#   }
# }
# run 1000ns
INFO: [USF-XSim-96] XSim completed. Design snapshot 'reggroup32_tb_behav' loaded.
INFO: [USF-XSim-97] XSim simulation ran for 1000ns
close_sim
INFO: [Simtcl 6-16] Simulation closed
exit
INFO: [Common 17-206] Exiting Vivado at Tue Dec  8 16:04:50 2020...
